BUILD FAILED
build: compilation error
   * TEST
blabla, source: ./output-tests-spec.coffee (44)
   * source: ./output-tests-spec.coffee (44)
[blabla] "3", source: ./output-tests-spec.coffee (44)
[3053:0320/170814:INFO:CONSOLE(44)] "3", source: ./output-tests-spec.coffee (44)


EXPECT:

<span class="line_build" is="space-pen-span">BUILD <span class="inline_fail" is="space-pen-span">FAILED</span></span>
<span class="line_build" is="space-pen-span">build: compilation <span class="inline_error" is="space-pen-span">error</span></span>
<span class="line_star" is="space-pen-span">   * TEST</span>
blabla, <span is="space-pen-span"><span class="process-palette-path-view" click="clicked">source: ./output-tests-spec.coffee (44)</span></span>
<span class="line_star" is="space-pen-span">   * <span is="space-pen-span"><span class="process-palette-path-view" click="clicked">source: ./output-tests-spec.coffee (44)</span></span></span>
<span class="line_bracket" is="space-pen-span">[blabla] "3", <span is="space-pen-span"><span class="process-palette-path-view" click="clicked">source: ./output-tests-spec.coffee (44)</span></span></span>
<span class="line_bracket" is="space-pen-span">[3053:0320/170814:INFO:CONSOLE(44)] "3", <span is="space-pen-span"><span class="process-palette-path-view" click="clicked">source: ./output-tests-spec.coffee (44)</span></span></span>
